Files already downloaded and verified
Files already downloaded and verified
Files already downloaded and verified
Train Epoch: 1 [0/49000 (0%)]	Train Loss: 5.261696	Val Loss: 4.692852	Val Acc: 8.4
Train Epoch: 1 [500/49000 (1%)]	Train Loss: 3.697349	Val Loss: 2.906440	Val Acc: 18.0
Train Epoch: 1 [1000/49000 (2%)]	Train Loss: 2.557385	Val Loss: 2.674390	Val Acc: 29.2
Train Epoch: 1 [1500/49000 (3%)]	Train Loss: 2.849714	Val Loss: 2.512980	Val Acc: 30.0
Train Epoch: 1 [2000/49000 (4%)]	Train Loss: 2.681532	Val Loss: 2.770551	Val Acc: 24.8
Train Epoch: 1 [2500/49000 (5%)]	Train Loss: 2.148909	Val Loss: 2.521786	Val Acc: 32.4
Train Epoch: 1 [3000/49000 (6%)]	Train Loss: 2.376930	Val Loss: 2.275076	Val Acc: 27.6
Train Epoch: 1 [3500/49000 (7%)]	Train Loss: 1.938217	Val Loss: 2.306805	Val Acc: 30.8
Train Epoch: 1 [4000/49000 (8%)]	Train Loss: 2.161643	Val Loss: 2.038670	Val Acc: 31.6
Train Epoch: 1 [4500/49000 (9%)]	Train Loss: 1.832366	Val Loss: 2.273418	Val Acc: 31.6
Train Epoch: 1 [5000/49000 (10%)]	Train Loss: 2.004523	Val Loss: 1.983091	Val Acc: 32.8
Train Epoch: 1 [5500/49000 (11%)]	Train Loss: 2.028546	Val Loss: 2.112591	Val Acc: 33.6
Train Epoch: 1 [6000/49000 (12%)]	Train Loss: 2.058228	Val Loss: 1.782047	Val Acc: 42.4
Train Epoch: 1 [6500/49000 (13%)]	Train Loss: 1.965487	Val Loss: 1.821785	Val Acc: 38.0
Train Epoch: 1 [7000/49000 (14%)]	Train Loss: 1.978908	Val Loss: 1.683885	Val Acc: 43.6
Train Epoch: 1 [7500/49000 (15%)]	Train Loss: 2.037610	Val Loss: 1.814104	Val Acc: 40.4
Train Epoch: 1 [8000/49000 (16%)]	Train Loss: 2.003985	Val Loss: 1.944708	Val Acc: 36.4
Train Epoch: 1 [8500/49000 (17%)]	Train Loss: 1.780012	Val Loss: 1.758637	Val Acc: 42.0
Train Epoch: 1 [9000/49000 (18%)]	Train Loss: 2.264061	Val Loss: 1.939219	Val Acc: 34.4
Train Epoch: 1 [9500/49000 (19%)]	Train Loss: 1.992044	Val Loss: 1.774608	Val Acc: 41.2
Train Epoch: 1 [10000/49000 (20%)]	Train Loss: 1.676945	Val Loss: 1.929693	Val Acc: 34.0
Train Epoch: 1 [10500/49000 (21%)]	Train Loss: 1.748412	Val Loss: 1.646215	Val Acc: 45.6
Train Epoch: 1 [11000/49000 (22%)]	Train Loss: 2.118493	Val Loss: 1.691802	Val Acc: 43.6
Train Epoch: 1 [11500/49000 (23%)]	Train Loss: 1.641001	Val Loss: 1.805520	Val Acc: 38.4
Train Epoch: 1 [12000/49000 (24%)]	Train Loss: 1.655617	Val Loss: 1.968584	Val Acc: 36.8
Train Epoch: 1 [12500/49000 (26%)]	Train Loss: 1.593215	Val Loss: 1.741819	Val Acc: 44.8
Train Epoch: 1 [13000/49000 (27%)]	Train Loss: 1.931508	Val Loss: 2.095302	Val Acc: 34.4
Train Epoch: 1 [13500/49000 (28%)]	Train Loss: 1.288117	Val Loss: 1.885066	Val Acc: 38.0
Train Epoch: 1 [14000/49000 (29%)]	Train Loss: 2.033826	Val Loss: 1.675850	Val Acc: 41.6
Train Epoch: 1 [14500/49000 (30%)]	Train Loss: 1.762803	Val Loss: 1.716400	Val Acc: 42.8
Train Epoch: 1 [15000/49000 (31%)]	Train Loss: 1.511720	Val Loss: 1.792114	Val Acc: 36.8
Train Epoch: 1 [15500/49000 (32%)]	Train Loss: 1.679227	Val Loss: 1.537735	Val Acc: 48.0
Train Epoch: 1 [16000/49000 (33%)]	Train Loss: 1.677361	Val Loss: 1.588078	Val Acc: 43.6
Train Epoch: 1 [16500/49000 (34%)]	Train Loss: 1.528289	Val Loss: 1.546218	Val Acc: 47.6
Train Epoch: 1 [17000/49000 (35%)]	Train Loss: 1.931311	Val Loss: 1.553305	Val Acc: 46.4
Train Epoch: 1 [17500/49000 (36%)]	Train Loss: 1.628358	Val Loss: 1.713869	Val Acc: 42.8
Train Epoch: 1 [18000/49000 (37%)]	Train Loss: 1.907410	Val Loss: 1.705619	Val Acc: 42.0
Train Epoch: 1 [18500/49000 (38%)]	Train Loss: 1.722888	Val Loss: 1.553312	Val Acc: 45.2
Train Epoch: 1 [19000/49000 (39%)]	Train Loss: 1.583701	Val Loss: 1.732899	Val Acc: 46.4
Train Epoch: 1 [19500/49000 (40%)]	Train Loss: 1.463423	Val Loss: 1.640389	Val Acc: 38.0
Train Epoch: 1 [20000/49000 (41%)]	Train Loss: 1.540043	Val Loss: 1.701426	Val Acc: 46.0
Train Epoch: 1 [20500/49000 (42%)]	Train Loss: 1.933155	Val Loss: 1.653249	Val Acc: 44.4
Train Epoch: 1 [21000/49000 (43%)]	Train Loss: 1.290276	Val Loss: 1.627228	Val Acc: 44.4
Train Epoch: 1 [21500/49000 (44%)]	Train Loss: 1.535848	Val Loss: 1.563505	Val Acc: 45.6
Train Epoch: 1 [22000/49000 (45%)]	Train Loss: 1.954136	Val Loss: 1.540350	Val Acc: 43.6
Train Epoch: 1 [22500/49000 (46%)]	Train Loss: 1.291644	Val Loss: 1.669974	Val Acc: 42.0
Train Epoch: 1 [23000/49000 (47%)]	Train Loss: 1.896469	Val Loss: 1.583905	Val Acc: 42.8
Train Epoch: 1 [23500/49000 (48%)]	Train Loss: 1.607274	Val Loss: 1.747052	Val Acc: 40.0
Train Epoch: 1 [24000/49000 (49%)]	Train Loss: 1.522544	Val Loss: 1.758440	Val Acc: 41.6
Train Epoch: 1 [24500/49000 (50%)]	Train Loss: 1.432223	Val Loss: 1.552018	Val Acc: 43.6
Train Epoch: 1 [25000/49000 (51%)]	Train Loss: 1.453240	Val Loss: 1.445678	Val Acc: 48.4
Train Epoch: 1 [25500/49000 (52%)]	Train Loss: 1.425744	Val Loss: 1.544352	Val Acc: 44.4
Train Epoch: 1 [26000/49000 (53%)]	Train Loss: 1.321385	Val Loss: 1.596909	Val Acc: 44.0
Train Epoch: 1 [26500/49000 (54%)]	Train Loss: 1.596962	Val Loss: 1.558637	Val Acc: 48.4
Train Epoch: 1 [27000/49000 (55%)]	Train Loss: 1.788232	Val Loss: 1.499132	Val Acc: 47.6
Train Epoch: 1 [27500/49000 (56%)]	Train Loss: 1.340749	Val Loss: 1.489874	Val Acc: 48.0
Train Epoch: 1 [28000/49000 (57%)]	Train Loss: 1.536425	Val Loss: 1.356450	Val Acc: 49.6
Train Epoch: 1 [28500/49000 (58%)]	Train Loss: 1.577208	Val Loss: 1.475046	Val Acc: 43.2
Train Epoch: 1 [29000/49000 (59%)]	Train Loss: 1.621989	Val Loss: 1.584926	Val Acc: 46.8
Train Epoch: 1 [29500/49000 (60%)]	Train Loss: 1.752652	Val Loss: 1.388023	Val Acc: 48.4
Train Epoch: 1 [30000/49000 (61%)]	Train Loss: 1.516428	Val Loss: 1.552768	Val Acc: 47.6
Train Epoch: 1 [30500/49000 (62%)]	Train Loss: 1.537984	Val Loss: 1.452384	Val Acc: 51.2
Train Epoch: 1 [31000/49000 (63%)]	Train Loss: 1.163568	Val Loss: 1.643172	Val Acc: 44.8
Train Epoch: 1 [31500/49000 (64%)]	Train Loss: 1.367115	Val Loss: 1.426075	Val Acc: 52.4
Train Epoch: 1 [32000/49000 (65%)]	Train Loss: 1.598411	Val Loss: 1.439674	Val Acc: 50.4
Train Epoch: 1 [32500/49000 (66%)]	Train Loss: 1.417122	Val Loss: 1.555388	Val Acc: 46.4
Train Epoch: 1 [33000/49000 (67%)]	Train Loss: 1.570467	Val Loss: 1.546031	Val Acc: 47.6
Train Epoch: 1 [33500/49000 (68%)]	Train Loss: 1.359056	Val Loss: 1.356704	Val Acc: 55.2
Train Epoch: 1 [34000/49000 (69%)]	Train Loss: 1.741893	Val Loss: 1.557210	Val Acc: 44.4
Train Epoch: 1 [34500/49000 (70%)]	Train Loss: 1.416984	Val Loss: 1.401281	Val Acc: 49.6
Train Epoch: 1 [35000/49000 (71%)]	Train Loss: 1.225316	Val Loss: 1.515592	Val Acc: 43.6
Train Epoch: 1 [35500/49000 (72%)]	Train Loss: 1.200752	Val Loss: 1.455152	Val Acc: 48.8
Train Epoch: 1 [36000/49000 (73%)]	Train Loss: 1.351128	Val Loss: 1.492954	Val Acc: 48.0
Train Epoch: 1 [36500/49000 (74%)]	Train Loss: 1.398521	Val Loss: 1.553746	Val Acc: 44.8
Train Epoch: 1 [37000/49000 (76%)]	Train Loss: 1.465310	Val Loss: 1.454109	Val Acc: 48.8
Train Epoch: 1 [37500/49000 (77%)]	Train Loss: 1.353993	Val Loss: 1.444707	Val Acc: 49.6
Train Epoch: 1 [38000/49000 (78%)]	Train Loss: 1.834822	Val Loss: 1.462127	Val Acc: 48.0
Train Epoch: 1 [38500/49000 (79%)]	Train Loss: 1.518613	Val Loss: 1.360427	Val Acc: 52.8
Train Epoch: 1 [39000/49000 (80%)]	Train Loss: 1.277540	Val Loss: 1.333829	Val Acc: 54.0
Train Epoch: 1 [39500/49000 (81%)]	Train Loss: 1.643126	Val Loss: 1.513715	Val Acc: 47.2
Train Epoch: 1 [40000/49000 (82%)]	Train Loss: 1.533002	Val Loss: 1.454379	Val Acc: 48.4
Train Epoch: 1 [40500/49000 (83%)]	Train Loss: 1.324983	Val Loss: 1.546145	Val Acc: 48.8
Train Epoch: 1 [41000/49000 (84%)]	Train Loss: 1.288841	Val Loss: 1.399552	Val Acc: 51.6
Train Epoch: 1 [41500/49000 (85%)]	Train Loss: 1.515818	Val Loss: 1.354555	Val Acc: 50.8
Train Epoch: 1 [42000/49000 (86%)]	Train Loss: 1.433828	Val Loss: 1.451659	Val Acc: 49.2
Train Epoch: 1 [42500/49000 (87%)]	Train Loss: 1.514570	Val Loss: 1.397506	Val Acc: 48.0
Train Epoch: 1 [43000/49000 (88%)]	Train Loss: 1.429417	Val Loss: 1.319228	Val Acc: 51.6
Train Epoch: 1 [43500/49000 (89%)]	Train Loss: 1.113528	Val Loss: 1.339795	Val Acc: 52.8
Train Epoch: 1 [44000/49000 (90%)]	Train Loss: 1.258051	Val Loss: 1.289805	Val Acc: 56.8
Train Epoch: 1 [44500/49000 (91%)]	Train Loss: 1.488521	Val Loss: 1.376172	Val Acc: 56.4
Train Epoch: 1 [45000/49000 (92%)]	Train Loss: 1.114498	Val Loss: 1.465850	Val Acc: 48.4
Train Epoch: 1 [45500/49000 (93%)]	Train Loss: 1.296201	Val Loss: 1.437514	Val Acc: 49.6
Train Epoch: 1 [46000/49000 (94%)]	Train Loss: 1.594715	Val Loss: 1.309407	Val Acc: 56.8
Train Epoch: 1 [46500/49000 (95%)]	Train Loss: 1.550155	Val Loss: 1.498351	Val Acc: 49.6
Train Epoch: 1 [47000/49000 (96%)]	Train Loss: 1.545251	Val Loss: 1.287293	Val Acc: 51.2
Train Epoch: 1 [47500/49000 (97%)]	Train Loss: 1.446537	Val Loss: 1.299557	Val Acc: 53.2
Train Epoch: 1 [48000/49000 (98%)]	Train Loss: 1.589875	Val Loss: 1.249469	Val Acc: 58.0
Train Epoch: 1 [48500/49000 (99%)]	Train Loss: 1.107947	Val Loss: 1.300159	Val Acc: 55.2
[1] learning rate is 5e-05
Train Epoch: 2 [0/49000 (0%)]	Train Loss: 1.311159	Val Loss: 1.318135	Val Acc: 55.2
Train Epoch: 2 [500/49000 (1%)]	Train Loss: 1.197778	Val Loss: 1.268240	Val Acc: 53.6
Train Epoch: 2 [1000/49000 (2%)]	Train Loss: 1.190813	Val Loss: 1.430263	Val Acc: 51.2
Train Epoch: 2 [1500/49000 (3%)]	Train Loss: 1.485940	Val Loss: 1.350852	Val Acc: 54.8
Train Epoch: 2 [2000/49000 (4%)]	Train Loss: 1.201372	Val Loss: 1.306637	Val Acc: 52.0
Train Epoch: 2 [2500/49000 (5%)]	Train Loss: 1.137670	Val Loss: 1.277641	Val Acc: 55.6
Train Epoch: 2 [3000/49000 (6%)]	Train Loss: 1.456661	Val Loss: 1.283819	Val Acc: 54.8
Train Epoch: 2 [3500/49000 (7%)]	Train Loss: 1.254164	Val Loss: 1.385341	Val Acc: 51.6
Train Epoch: 2 [4000/49000 (8%)]	Train Loss: 1.580395	Val Loss: 1.336539	Val Acc: 55.2
Train Epoch: 2 [4500/49000 (9%)]	Train Loss: 1.051905	Val Loss: 1.291435	Val Acc: 58.8
Train Epoch: 2 [5000/49000 (10%)]	Train Loss: 1.279503	Val Loss: 1.295084	Val Acc: 56.0
Train Epoch: 2 [5500/49000 (11%)]	Train Loss: 1.314082	Val Loss: 1.358229	Val Acc: 55.2
Train Epoch: 2 [6000/49000 (12%)]	Train Loss: 1.054500	Val Loss: 1.209803	Val Acc: 58.8
Train Epoch: 2 [6500/49000 (13%)]	Train Loss: 1.219625	Val Loss: 1.293302	Val Acc: 54.0
Train Epoch: 2 [7000/49000 (14%)]	Train Loss: 0.940616	Val Loss: 1.328219	Val Acc: 56.8
Train Epoch: 2 [7500/49000 (15%)]	Train Loss: 1.078169	Val Loss: 1.311911	Val Acc: 57.6
Train Epoch: 2 [8000/49000 (16%)]	Train Loss: 1.311770	Val Loss: 1.247680	Val Acc: 56.4
Train Epoch: 2 [8500/49000 (17%)]	Train Loss: 1.146065	Val Loss: 1.377565	Val Acc: 49.6
Train Epoch: 2 [9000/49000 (18%)]	Train Loss: 1.076203	Val Loss: 1.288851	Val Acc: 52.8
Train Epoch: 2 [9500/49000 (19%)]	Train Loss: 1.178116	Val Loss: 1.365677	Val Acc: 56.4
Train Epoch: 2 [10000/49000 (20%)]	Train Loss: 0.821039	Val Loss: 1.318738	Val Acc: 54.4
Train Epoch: 2 [10500/49000 (21%)]	Train Loss: 1.179908	Val Loss: 1.294261	Val Acc: 57.6
Train Epoch: 2 [11000/49000 (22%)]	Train Loss: 1.169333	Val Loss: 1.234043	Val Acc: 58.0
Train Epoch: 2 [11500/49000 (23%)]	Train Loss: 1.123784	Val Loss: 1.324294	Val Acc: 53.6
Train Epoch: 2 [12000/49000 (24%)]	Train Loss: 1.408651	Val Loss: 1.222179	Val Acc: 59.2
Train Epoch: 2 [12500/49000 (26%)]	Train Loss: 0.997309	Val Loss: 1.248718	Val Acc: 59.2
Train Epoch: 2 [13000/49000 (27%)]	Train Loss: 1.434241	Val Loss: 1.239574	Val Acc: 54.0
Train Epoch: 2 [13500/49000 (28%)]	Train Loss: 1.472854	Val Loss: 1.282104	Val Acc: 56.4
Train Epoch: 2 [14000/49000 (29%)]	Train Loss: 1.489770	Val Loss: 1.387453	Val Acc: 51.6
Train Epoch: 2 [14500/49000 (30%)]	Train Loss: 1.113683	Val Loss: 1.279607	Val Acc: 57.2
Train Epoch: 2 [15000/49000 (31%)]	Train Loss: 1.160642	Val Loss: 1.232536	Val Acc: 57.6
Train Epoch: 2 [15500/49000 (32%)]	Train Loss: 1.190997	Val Loss: 1.284118	Val Acc: 53.6
Train Epoch: 2 [16000/49000 (33%)]	Train Loss: 1.168802	Val Loss: 1.211186	Val Acc: 57.6
Train Epoch: 2 [16500/49000 (34%)]	Train Loss: 1.311559	Val Loss: 1.233803	Val Acc: 56.8
Train Epoch: 2 [17000/49000 (35%)]	Train Loss: 1.445535	Val Loss: 1.407983	Val Acc: 52.4
Train Epoch: 2 [17500/49000 (36%)]	Train Loss: 1.208185	Val Loss: 1.268939	Val Acc: 53.2
Train Epoch: 2 [18000/49000 (37%)]	Train Loss: 1.450472	Val Loss: 1.332672	Val Acc: 48.4
Train Epoch: 2 [18500/49000 (38%)]	Train Loss: 1.303779	Val Loss: 1.319423	Val Acc: 50.8
Train Epoch: 2 [19000/49000 (39%)]	Train Loss: 1.291152	Val Loss: 1.217559	Val Acc: 59.6
Train Epoch: 2 [19500/49000 (40%)]	Train Loss: 1.558418	Val Loss: 1.231162	Val Acc: 54.4
Train Epoch: 2 [20000/49000 (41%)]	Train Loss: 1.191198	Val Loss: 1.312420	Val Acc: 59.2
Train Epoch: 2 [20500/49000 (42%)]	Train Loss: 1.408946	Val Loss: 1.281944	Val Acc: 52.0
Train Epoch: 2 [21000/49000 (43%)]	Train Loss: 1.176742	Val Loss: 1.279686	Val Acc: 52.8
Train Epoch: 2 [21500/49000 (44%)]	Train Loss: 0.926769	Val Loss: 1.231756	Val Acc: 55.2
Train Epoch: 2 [22000/49000 (45%)]	Train Loss: 1.202322	Val Loss: 1.154420	Val Acc: 65.2
Train Epoch: 2 [22500/49000 (46%)]	Train Loss: 1.218037	Val Loss: 1.291518	Val Acc: 56.4
Train Epoch: 2 [23000/49000 (47%)]	Train Loss: 1.170944	Val Loss: 1.223432	Val Acc: 58.8
Train Epoch: 2 [23500/49000 (48%)]	Train Loss: 1.320433	Val Loss: 1.267015	Val Acc: 58.0
Train Epoch: 2 [24000/49000 (49%)]	Train Loss: 1.201631	Val Loss: 1.146646	Val Acc: 60.0
Train Epoch: 2 [24500/49000 (50%)]	Train Loss: 1.076876	Val Loss: 1.256545	Val Acc: 56.4
Train Epoch: 2 [25000/49000 (51%)]	Train Loss: 1.521964	Val Loss: 1.278952	Val Acc: 54.8
Train Epoch: 2 [25500/49000 (52%)]	Train Loss: 1.247504	Val Loss: 1.422618	Val Acc: 52.0
Train Epoch: 2 [26000/49000 (53%)]	Train Loss: 1.404780	Val Loss: 1.309384	Val Acc: 55.6
Train Epoch: 2 [26500/49000 (54%)]	Train Loss: 1.289840	Val Loss: 1.222450	Val Acc: 57.2
Train Epoch: 2 [27000/49000 (55%)]	Train Loss: 1.101804	Val Loss: 1.189992	Val Acc: 57.2
Train Epoch: 2 [27500/49000 (56%)]	Train Loss: 1.190765	Val Loss: 1.273347	Val Acc: 55.6
Train Epoch: 2 [28000/49000 (57%)]	Train Loss: 1.305735	Val Loss: 1.287476	Val Acc: 59.6
Train Epoch: 2 [28500/49000 (58%)]	Train Loss: 1.497307	Val Loss: 1.333167	Val Acc: 49.2
Train Epoch: 2 [29000/49000 (59%)]	Train Loss: 1.474761	Val Loss: 1.127407	Val Acc: 62.8
Train Epoch: 2 [29500/49000 (60%)]	Train Loss: 1.040310	Val Loss: 1.276096	Val Acc: 55.6
Train Epoch: 2 [30000/49000 (61%)]	Train Loss: 1.232899	Val Loss: 1.433777	Val Acc: 48.0
Train Epoch: 2 [30500/49000 (62%)]	Train Loss: 0.951171	Val Loss: 1.380835	Val Acc: 52.8
Train Epoch: 2 [31000/49000 (63%)]	Train Loss: 1.042519	Val Loss: 1.305997	Val Acc: 53.2
Train Epoch: 2 [31500/49000 (64%)]	Train Loss: 1.308341	Val Loss: 1.304867	Val Acc: 55.2
Train Epoch: 2 [32000/49000 (65%)]	Train Loss: 1.063149	Val Loss: 1.293262	Val Acc: 56.8
Train Epoch: 2 [32500/49000 (66%)]	Train Loss: 1.279908	Val Loss: 1.347111	Val Acc: 54.0
Train Epoch: 2 [33000/49000 (67%)]	Train Loss: 0.891762	Val Loss: 1.405131	Val Acc: 51.6
Train Epoch: 2 [33500/49000 (68%)]	Train Loss: 1.198350	Val Loss: 1.290819	Val Acc: 52.4
Train Epoch: 2 [34000/49000 (69%)]	Train Loss: 1.005205	Val Loss: 1.211172	Val Acc: 57.6
Train Epoch: 2 [34500/49000 (70%)]	Train Loss: 1.216534	Val Loss: 1.365779	Val Acc: 51.2
Train Epoch: 2 [35000/49000 (71%)]	Train Loss: 1.209324	Val Loss: 1.313738	Val Acc: 55.6
Train Epoch: 2 [35500/49000 (72%)]	Train Loss: 1.384360	Val Loss: 1.421052	Val Acc: 53.6
Train Epoch: 2 [36000/49000 (73%)]	Train Loss: 1.075655	Val Loss: 1.238789	Val Acc: 60.8
Train Epoch: 2 [36500/49000 (74%)]	Train Loss: 1.291473	Val Loss: 1.129148	Val Acc: 60.4
Train Epoch: 2 [37000/49000 (76%)]	Train Loss: 1.534534	Val Loss: 1.387799	Val Acc: 52.8
Train Epoch: 2 [37500/49000 (77%)]	Train Loss: 1.093696	Val Loss: 1.198022	Val Acc: 59.2
Train Epoch: 2 [38000/49000 (78%)]	Train Loss: 0.994797	Val Loss: 1.206000	Val Acc: 59.6
Train Epoch: 2 [38500/49000 (79%)]	Train Loss: 1.172027	Val Loss: 1.338952	Val Acc: 52.8
Train Epoch: 2 [39000/49000 (80%)]	Train Loss: 1.281269	Val Loss: 1.372077	Val Acc: 53.6
Train Epoch: 2 [39500/49000 (81%)]	Train Loss: 1.342417	Val Loss: 1.351704	Val Acc: 55.2
Train Epoch: 2 [40000/49000 (82%)]	Train Loss: 1.371891	Val Loss: 1.258431	Val Acc: 56.0
Train Epoch: 2 [40500/49000 (83%)]	Train Loss: 1.146329	Val Loss: 1.310165	Val Acc: 55.6
Train Epoch: 2 [41000/49000 (84%)]	Train Loss: 1.023815	Val Loss: 1.267922	Val Acc: 58.0
Train Epoch: 2 [41500/49000 (85%)]	Train Loss: 1.351152	Val Loss: 1.248870	Val Acc: 58.8
Train Epoch: 2 [42000/49000 (86%)]	Train Loss: 0.905598	Val Loss: 1.305996	Val Acc: 53.2
Train Epoch: 2 [42500/49000 (87%)]	Train Loss: 0.974554	Val Loss: 1.299498	Val Acc: 56.0
Train Epoch: 2 [43000/49000 (88%)]	Train Loss: 0.985967	Val Loss: 1.301498	Val Acc: 54.8
Train Epoch: 2 [43500/49000 (89%)]	Train Loss: 1.340834	Val Loss: 1.165610	Val Acc: 61.2
Train Epoch: 2 [44000/49000 (90%)]	Train Loss: 1.362200	Val Loss: 1.279285	Val Acc: 56.8
Train Epoch: 2 [44500/49000 (91%)]	Train Loss: 1.320517	Val Loss: 1.287105	Val Acc: 50.0
Train Epoch: 2 [45000/49000 (92%)]	Train Loss: 1.189375	Val Loss: 1.266936	Val Acc: 58.4
Train Epoch: 2 [45500/49000 (93%)]	Train Loss: 1.072897	Val Loss: 1.322138	Val Acc: 53.2
Train Epoch: 2 [46000/49000 (94%)]	Train Loss: 1.200001	Val Loss: 1.254303	Val Acc: 57.2
Train Epoch: 2 [46500/49000 (95%)]	Train Loss: 1.068363	Val Loss: 1.249812	Val Acc: 58.4
Train Epoch: 2 [47000/49000 (96%)]	Train Loss: 1.280706	Val Loss: 1.262846	Val Acc: 55.2
Train Epoch: 2 [47500/49000 (97%)]	Train Loss: 1.501057	Val Loss: 1.154446	Val Acc: 62.0
Train Epoch: 2 [48000/49000 (98%)]	Train Loss: 1.144571	Val Loss: 1.191622	Val Acc: 56.4
Train Epoch: 2 [48500/49000 (99%)]	Train Loss: 1.364835	Val Loss: 1.205222	Val Acc: 62.0
[2] learning rate is 2.5e-05
Train Epoch: 3 [0/49000 (0%)]	Train Loss: 1.023319	Val Loss: 1.179903	Val Acc: 62.4
Train Epoch: 3 [500/49000 (1%)]	Train Loss: 1.200142	Val Loss: 1.330292	Val Acc: 56.8
Train Epoch: 3 [1000/49000 (2%)]	Train Loss: 0.991505	Val Loss: 1.207259	Val Acc: 56.4
Train Epoch: 3 [1500/49000 (3%)]	Train Loss: 1.209288	Val Loss: 1.126044	Val Acc: 65.2
Train Epoch: 3 [2000/49000 (4%)]	Train Loss: 1.202567	Val Loss: 1.188196	Val Acc: 60.0
Train Epoch: 3 [2500/49000 (5%)]	Train Loss: 1.068287	Val Loss: 1.274230	Val Acc: 54.8
Train Epoch: 3 [3000/49000 (6%)]	Train Loss: 1.066090	Val Loss: 1.253819	Val Acc: 58.4
Train Epoch: 3 [3500/49000 (7%)]	Train Loss: 1.101694	Val Loss: 1.156604	Val Acc: 62.0
Train Epoch: 3 [4000/49000 (8%)]	Train Loss: 0.786901	Val Loss: 1.241852	Val Acc: 57.2
Train Epoch: 3 [4500/49000 (9%)]	Train Loss: 1.087079	Val Loss: 1.261752	Val Acc: 54.4
Train Epoch: 3 [5000/49000 (10%)]	Train Loss: 0.946432	Val Loss: 1.183217	Val Acc: 58.4
Train Epoch: 3 [5500/49000 (11%)]	Train Loss: 1.095653	Val Loss: 1.184000	Val Acc: 57.2
Train Epoch: 3 [6000/49000 (12%)]	Train Loss: 1.373254	Val Loss: 1.252728	Val Acc: 58.0
Train Epoch: 3 [6500/49000 (13%)]	Train Loss: 1.009817	Val Loss: 1.216624	Val Acc: 58.4
Train Epoch: 3 [7000/49000 (14%)]	Train Loss: 1.056983	Val Loss: 1.262175	Val Acc: 53.6
Train Epoch: 3 [7500/49000 (15%)]	Train Loss: 1.232763	Val Loss: 1.284231	Val Acc: 58.4
Train Epoch: 3 [8000/49000 (16%)]	Train Loss: 0.901894	Val Loss: 1.266023	Val Acc: 56.8
Train Epoch: 3 [8500/49000 (17%)]	Train Loss: 1.006034	Val Loss: 1.135810	Val Acc: 63.6
Train Epoch: 3 [9000/49000 (18%)]	Train Loss: 0.960387	Val Loss: 1.140499	Val Acc: 61.2
Train Epoch: 3 [9500/49000 (19%)]	Train Loss: 1.185694	Val Loss: 1.261339	Val Acc: 58.0
Train Epoch: 3 [10000/49000 (20%)]	Train Loss: 1.060223	Val Loss: 1.213192	Val Acc: 59.2
Train Epoch: 3 [10500/49000 (21%)]	Train Loss: 1.234069	Val Loss: 1.198924	Val Acc: 58.4
Train Epoch: 3 [11000/49000 (22%)]	Train Loss: 1.206843	Val Loss: 1.218729	Val Acc: 60.8
Train Epoch: 3 [11500/49000 (23%)]	Train Loss: 0.833980	Val Loss: 1.279731	Val Acc: 53.2
Train Epoch: 3 [12000/49000 (24%)]	Train Loss: 0.882696	Val Loss: 1.287757	Val Acc: 54.8
Train Epoch: 3 [12500/49000 (26%)]	Train Loss: 1.187656	Val Loss: 1.267448	Val Acc: 55.2
Train Epoch: 3 [13000/49000 (27%)]	Train Loss: 0.983199	Val Loss: 1.261359	Val Acc: 58.0
Train Epoch: 3 [13500/49000 (28%)]	Train Loss: 1.112670	Val Loss: 1.210407	Val Acc: 58.8
Train Epoch: 3 [14000/49000 (29%)]	Train Loss: 0.922603	Val Loss: 1.276345	Val Acc: 56.8
Train Epoch: 3 [14500/49000 (30%)]	Train Loss: 1.148868	Val Loss: 1.228107	Val Acc: 53.2
Train Epoch: 3 [15000/49000 (31%)]	Train Loss: 1.167398	Val Loss: 1.245956	Val Acc: 54.0
Train Epoch: 3 [15500/49000 (32%)]	Train Loss: 0.964021	Val Loss: 1.184376	Val Acc: 62.0
Train Epoch: 3 [16000/49000 (33%)]	Train Loss: 1.209247	Val Loss: 1.262154	Val Acc: 58.4
Train Epoch: 3 [16500/49000 (34%)]	Train Loss: 1.106862	Val Loss: 1.199944	Val Acc: 62.4
Train Epoch: 3 [17000/49000 (35%)]	Train Loss: 1.296197	Val Loss: 1.164909	Val Acc: 60.4
Train Epoch: 3 [17500/49000 (36%)]	Train Loss: 1.294559	Val Loss: 1.209638	Val Acc: 61.2
Train Epoch: 3 [18000/49000 (37%)]	Train Loss: 1.332578	Val Loss: 1.236679	Val Acc: 54.4
Train Epoch: 3 [18500/49000 (38%)]	Train Loss: 1.122628	Val Loss: 1.301713	Val Acc: 54.4
Train Epoch: 3 [19000/49000 (39%)]	Train Loss: 1.160142	Val Loss: 1.166767	Val Acc: 60.4
Train Epoch: 3 [19500/49000 (40%)]	Train Loss: 1.248918	Val Loss: 1.267874	Val Acc: 53.6
Train Epoch: 3 [20000/49000 (41%)]	Train Loss: 1.088451	Val Loss: 1.200524	Val Acc: 59.2
Train Epoch: 3 [20500/49000 (42%)]	Train Loss: 1.117274	Val Loss: 1.168845	Val Acc: 56.8
Train Epoch: 3 [21000/49000 (43%)]	Train Loss: 1.070127	Val Loss: 1.299428	Val Acc: 52.8
Train Epoch: 3 [21500/49000 (44%)]	Train Loss: 1.385844	Val Loss: 1.239135	Val Acc: 55.6
Train Epoch: 3 [22000/49000 (45%)]	Train Loss: 1.031280	Val Loss: 1.238732	Val Acc: 58.0
Train Epoch: 3 [22500/49000 (46%)]	Train Loss: 1.323267	Val Loss: 1.352731	Val Acc: 56.0
Train Epoch: 3 [23000/49000 (47%)]	Train Loss: 1.065495	Val Loss: 1.153867	Val Acc: 59.2
Train Epoch: 3 [23500/49000 (48%)]	Train Loss: 1.229672	Val Loss: 1.292500	Val Acc: 59.2
Train Epoch: 3 [24000/49000 (49%)]	Train Loss: 1.112465	Val Loss: 1.229687	Val Acc: 57.6
Train Epoch: 3 [24500/49000 (50%)]	Train Loss: 1.099744	Val Loss: 1.168774	Val Acc: 56.0
Train Epoch: 3 [25000/49000 (51%)]	Train Loss: 0.869457	Val Loss: 1.150145	Val Acc: 60.0
Train Epoch: 3 [25500/49000 (52%)]	Train Loss: 0.908794	Val Loss: 1.127539	Val Acc: 58.4
Train Epoch: 3 [26000/49000 (53%)]	Train Loss: 1.167091	Val Loss: 1.144351	Val Acc: 58.0
Train Epoch: 3 [26500/49000 (54%)]	Train Loss: 1.138516	Val Loss: 1.346241	Val Acc: 54.8
Train Epoch: 3 [27000/49000 (55%)]	Train Loss: 1.218913	Val Loss: 1.255662	Val Acc: 56.4
Train Epoch: 3 [27500/49000 (56%)]	Train Loss: 1.097416	Val Loss: 1.261147	Val Acc: 54.8
Train Epoch: 3 [28000/49000 (57%)]	Train Loss: 1.190997	Val Loss: 1.134816	Val Acc: 61.2
Train Epoch: 3 [28500/49000 (58%)]	Train Loss: 0.942540	Val Loss: 1.172250	Val Acc: 61.2
Train Epoch: 3 [29000/49000 (59%)]	Train Loss: 1.230918	Val Loss: 1.220165	Val Acc: 58.4
Train Epoch: 3 [29500/49000 (60%)]	Train Loss: 1.166677	Val Loss: 1.283722	Val Acc: 55.6
Train Epoch: 3 [30000/49000 (61%)]	Train Loss: 1.114493	Val Loss: 1.224764	Val Acc: 58.8
Train Epoch: 3 [30500/49000 (62%)]	Train Loss: 1.225740	Val Loss: 1.322730	Val Acc: 56.4
Train Epoch: 3 [31000/49000 (63%)]	Train Loss: 1.192824	Val Loss: 1.184662	Val Acc: 56.4
Train Epoch: 3 [31500/49000 (64%)]	Train Loss: 1.010132	Val Loss: 1.281889	Val Acc: 52.8
Train Epoch: 3 [32000/49000 (65%)]	Train Loss: 1.239274	Val Loss: 1.141467	Val Acc: 57.6
Train Epoch: 3 [32500/49000 (66%)]	Train Loss: 1.088765	Val Loss: 1.144392	Val Acc: 58.8
Train Epoch: 3 [33000/49000 (67%)]	Train Loss: 1.170992	Val Loss: 1.232344	Val Acc: 55.6
Train Epoch: 3 [33500/49000 (68%)]	Train Loss: 1.032258	Val Loss: 1.132402	Val Acc: 60.0
Train Epoch: 3 [34000/49000 (69%)]	Train Loss: 1.167187	Val Loss: 1.244078	Val Acc: 58.0
Train Epoch: 3 [34500/49000 (70%)]	Train Loss: 1.041698	Val Loss: 1.264729	Val Acc: 56.8
Train Epoch: 3 [35000/49000 (71%)]	Train Loss: 1.293483	Val Loss: 1.195295	Val Acc: 60.0
Train Epoch: 3 [35500/49000 (72%)]	Train Loss: 1.050416	Val Loss: 1.268172	Val Acc: 55.6
Train Epoch: 3 [36000/49000 (73%)]	Train Loss: 1.240669	Val Loss: 1.282226	Val Acc: 54.4
Train Epoch: 3 [36500/49000 (74%)]	Train Loss: 0.866408	Val Loss: 1.198373	Val Acc: 57.6
Train Epoch: 3 [37000/49000 (76%)]	Train Loss: 1.338221	Val Loss: 1.106278	Val Acc: 64.8
Train Epoch: 3 [37500/49000 (77%)]	Train Loss: 1.340002	Val Loss: 1.258483	Val Acc: 61.6
Train Epoch: 3 [38000/49000 (78%)]	Train Loss: 1.156792	Val Loss: 1.210365	Val Acc: 59.6
Train Epoch: 3 [38500/49000 (79%)]	Train Loss: 1.386139	Val Loss: 1.160481	Val Acc: 58.4
Train Epoch: 3 [39000/49000 (80%)]	Train Loss: 1.358426	Val Loss: 1.210963	Val Acc: 61.2
Train Epoch: 3 [39500/49000 (81%)]	Train Loss: 1.219290	Val Loss: 1.268668	Val Acc: 58.8
Train Epoch: 3 [40000/49000 (82%)]	Train Loss: 1.020973	Val Loss: 1.126192	Val Acc: 62.8
Train Epoch: 3 [40500/49000 (83%)]	Train Loss: 1.022946	Val Loss: 1.214745	Val Acc: 61.2
Train Epoch: 3 [41000/49000 (84%)]	Train Loss: 1.150763	Val Loss: 1.145403	Val Acc: 61.6
Train Epoch: 3 [41500/49000 (85%)]	Train Loss: 1.172920	Val Loss: 1.238427	Val Acc: 56.4
Train Epoch: 3 [42000/49000 (86%)]	Train Loss: 1.282633	Val Loss: 1.193046	Val Acc: 60.0
Train Epoch: 3 [42500/49000 (87%)]	Train Loss: 1.321245	Val Loss: 1.087270	Val Acc: 62.4
Train Epoch: 3 [43000/49000 (88%)]	Train Loss: 1.214923	Val Loss: 1.258403	Val Acc: 57.6
Train Epoch: 3 [43500/49000 (89%)]	Train Loss: 1.057278	Val Loss: 1.215129	Val Acc: 55.6
Train Epoch: 3 [44000/49000 (90%)]	Train Loss: 0.883085	Val Loss: 1.323305	Val Acc: 54.4
Train Epoch: 3 [44500/49000 (91%)]	Train Loss: 1.174263	Val Loss: 1.418267	Val Acc: 50.4
Train Epoch: 3 [45000/49000 (92%)]	Train Loss: 1.160242	Val Loss: 1.222088	Val Acc: 60.4
Train Epoch: 3 [45500/49000 (93%)]	Train Loss: 1.277893	Val Loss: 1.240067	Val Acc: 57.6
Train Epoch: 3 [46000/49000 (94%)]	Train Loss: 1.160715	Val Loss: 1.239359	Val Acc: 56.4
Train Epoch: 3 [46500/49000 (95%)]	Train Loss: 1.191598	Val Loss: 1.034028	Val Acc: 64.0
Train Epoch: 3 [47000/49000 (96%)]	Train Loss: 1.000355	Val Loss: 1.154129	Val Acc: 60.0
Train Epoch: 3 [47500/49000 (97%)]	Train Loss: 1.451252	Val Loss: 1.173688	Val Acc: 60.8
Train Epoch: 3 [48000/49000 (98%)]	Train Loss: 0.944120	Val Loss: 1.194907	Val Acc: 60.0
Train Epoch: 3 [48500/49000 (99%)]	Train Loss: 1.365086	Val Loss: 1.076435	Val Acc: 60.4
[3] learning rate is 1.25e-05
Train Epoch: 4 [0/49000 (0%)]	Train Loss: 1.096917	Val Loss: 1.190972	Val Acc: 55.2
Train Epoch: 4 [500/49000 (1%)]	Train Loss: 1.157962	Val Loss: 1.170624	Val Acc: 58.4
Train Epoch: 4 [1000/49000 (2%)]	Train Loss: 1.220391	Val Loss: 1.065905	Val Acc: 62.0
Train Epoch: 4 [1500/49000 (3%)]	Train Loss: 1.073511	Val Loss: 1.219299	Val Acc: 58.8
Train Epoch: 4 [2000/49000 (4%)]	Train Loss: 0.877277	Val Loss: 1.264491	Val Acc: 54.8
Train Epoch: 4 [2500/49000 (5%)]	Train Loss: 0.831779	Val Loss: 1.253214	Val Acc: 58.8
Train Epoch: 4 [3000/49000 (6%)]	Train Loss: 0.865791	Val Loss: 1.238805	Val Acc: 58.0
Train Epoch: 4 [3500/49000 (7%)]	Train Loss: 1.015191	Val Loss: 1.022309	Val Acc: 63.6
Train Epoch: 4 [4000/49000 (8%)]	Train Loss: 1.206839	Val Loss: 1.218027	Val Acc: 57.6
Train Epoch: 4 [4500/49000 (9%)]	Train Loss: 1.065226	Val Loss: 1.183690	Val Acc: 56.4
Train Epoch: 4 [5000/49000 (10%)]	Train Loss: 0.976650	Val Loss: 1.213077	Val Acc: 58.8
Train Epoch: 4 [5500/49000 (11%)]	Train Loss: 1.145548	Val Loss: 1.122436	Val Acc: 62.8
Train Epoch: 4 [6000/49000 (12%)]	Train Loss: 0.830489	Val Loss: 1.073717	Val Acc: 61.2
Train Epoch: 4 [6500/49000 (13%)]	Train Loss: 1.148457	Val Loss: 1.080615	Val Acc: 63.2
Train Epoch: 4 [7000/49000 (14%)]	Train Loss: 1.198229	Val Loss: 1.163734	Val Acc: 62.4
Train Epoch: 4 [7500/49000 (15%)]	Train Loss: 1.075105	Val Loss: 1.153792	Val Acc: 60.4
Train Epoch: 4 [8000/49000 (16%)]	Train Loss: 0.911671	Val Loss: 1.140111	Val Acc: 60.0
Train Epoch: 4 [8500/49000 (17%)]	Train Loss: 1.193440	Val Loss: 1.163206	Val Acc: 61.6
Train Epoch: 4 [9000/49000 (18%)]	Train Loss: 0.751625	Val Loss: 1.265921	Val Acc: 56.8
Train Epoch: 4 [9500/49000 (19%)]	Train Loss: 0.895333	Val Loss: 1.177633	Val Acc: 61.6
Train Epoch: 4 [10000/49000 (20%)]	Train Loss: 1.212810	Val Loss: 1.196579	Val Acc: 58.4
Train Epoch: 4 [10500/49000 (21%)]	Train Loss: 1.130360	Val Loss: 1.200067	Val Acc: 56.8
Train Epoch: 4 [11000/49000 (22%)]	Train Loss: 0.997625	Val Loss: 1.210056	Val Acc: 59.2
Train Epoch: 4 [11500/49000 (23%)]	Train Loss: 1.185475	Val Loss: 1.177226	Val Acc: 57.6
Train Epoch: 4 [12000/49000 (24%)]	Train Loss: 0.873878	Val Loss: 1.147387	Val Acc: 61.2
Train Epoch: 4 [12500/49000 (26%)]	Train Loss: 0.878557	Val Loss: 1.274182	Val Acc: 57.6
Train Epoch: 4 [13000/49000 (27%)]	Train Loss: 1.053501	Val Loss: 1.154832	Val Acc: 62.4
Train Epoch: 4 [13500/49000 (28%)]	Train Loss: 0.987396	Val Loss: 1.255592	Val Acc: 58.4
Train Epoch: 4 [14000/49000 (29%)]	Train Loss: 1.030284	Val Loss: 1.048011	Val Acc: 63.6
Train Epoch: 4 [14500/49000 (30%)]	Train Loss: 1.289652	Val Loss: 1.087776	Val Acc: 60.8
Train Epoch: 4 [15000/49000 (31%)]	Train Loss: 1.202587	Val Loss: 1.206784	Val Acc: 58.4
Train Epoch: 4 [15500/49000 (32%)]	Train Loss: 0.904218	Val Loss: 1.179079	Val Acc: 61.6
Train Epoch: 4 [16000/49000 (33%)]	Train Loss: 1.234471	Val Loss: 1.081721	Val Acc: 65.2
Train Epoch: 4 [16500/49000 (34%)]	Train Loss: 1.201648	Val Loss: 1.397088	Val Acc: 53.6
Train Epoch: 4 [17000/49000 (35%)]	Train Loss: 0.942750	Val Loss: 1.185573	Val Acc: 60.8
Train Epoch: 4 [17500/49000 (36%)]	Train Loss: 1.008123	Val Loss: 1.163289	Val Acc: 62.4
Train Epoch: 4 [18000/49000 (37%)]	Train Loss: 0.873102	Val Loss: 1.231749	Val Acc: 59.2
Train Epoch: 4 [18500/49000 (38%)]	Train Loss: 1.176214	Val Loss: 1.224078	Val Acc: 58.4
Train Epoch: 4 [19000/49000 (39%)]	Train Loss: 1.307401	Val Loss: 1.110392	Val Acc: 60.8
Train Epoch: 4 [19500/49000 (40%)]	Train Loss: 1.287135	Val Loss: 1.224332	Val Acc: 58.4
Train Epoch: 4 [20000/49000 (41%)]	Train Loss: 1.135532	Val Loss: 1.166537	Val Acc: 59.6
Train Epoch: 4 [20500/49000 (42%)]	Train Loss: 1.427612	Val Loss: 1.218654	Val Acc: 58.0
Train Epoch: 4 [21000/49000 (43%)]	Train Loss: 0.930069	Val Loss: 1.217462	Val Acc: 58.4
Train Epoch: 4 [21500/49000 (44%)]	Train Loss: 1.053898	Val Loss: 1.152130	Val Acc: 60.0
Train Epoch: 4 [22000/49000 (45%)]	Train Loss: 1.354978	Val Loss: 1.186058	Val Acc: 60.4
Train Epoch: 4 [22500/49000 (46%)]	Train Loss: 1.209190	Val Loss: 1.164518	Val Acc: 60.4
Train Epoch: 4 [23000/49000 (47%)]	Train Loss: 1.098774	Val Loss: 1.039959	Val Acc: 65.2
Train Epoch: 4 [23500/49000 (48%)]	Train Loss: 1.058468	Val Loss: 1.107664	Val Acc: 62.8
Train Epoch: 4 [24000/49000 (49%)]	Train Loss: 1.063271	Val Loss: 1.134148	Val Acc: 63.6
Train Epoch: 4 [24500/49000 (50%)]	Train Loss: 1.355559	Val Loss: 1.150159	Val Acc: 59.2
Train Epoch: 4 [25000/49000 (51%)]	Train Loss: 0.882021	Val Loss: 1.166057	Val Acc: 59.6
Train Epoch: 4 [25500/49000 (52%)]	Train Loss: 0.763081	Val Loss: 1.094605	Val Acc: 63.2
Train Epoch: 4 [26000/49000 (53%)]	Train Loss: 1.035866	Val Loss: 1.275286	Val Acc: 58.4
Train Epoch: 4 [26500/49000 (54%)]	Train Loss: 1.058187	Val Loss: 1.262527	Val Acc: 55.2
Train Epoch: 4 [27000/49000 (55%)]	Train Loss: 0.987567	Val Loss: 1.131803	Val Acc: 62.0
Train Epoch: 4 [27500/49000 (56%)]	Train Loss: 0.813040	Val Loss: 1.176532	Val Acc: 59.2
Train Epoch: 4 [28000/49000 (57%)]	Train Loss: 1.344803	Val Loss: 1.160127	Val Acc: 61.2
Train Epoch: 4 [28500/49000 (58%)]	Train Loss: 1.166744	Val Loss: 1.199821	Val Acc: 61.2
Train Epoch: 4 [29000/49000 (59%)]	Train Loss: 1.088443	Val Loss: 1.165657	Val Acc: 58.0
Train Epoch: 4 [29500/49000 (60%)]	Train Loss: 1.000316	Val Loss: 1.234970	Val Acc: 55.6
Train Epoch: 4 [30000/49000 (61%)]	Train Loss: 1.224762	Val Loss: 1.262003	Val Acc: 58.0
Train Epoch: 4 [30500/49000 (62%)]	Train Loss: 0.982447	Val Loss: 1.272884	Val Acc: 58.4
Train Epoch: 4 [31000/49000 (63%)]	Train Loss: 1.065631	Val Loss: 1.242162	Val Acc: 59.6
Train Epoch: 4 [31500/49000 (64%)]	Train Loss: 0.941907	Val Loss: 1.112832	Val Acc: 62.4
Train Epoch: 4 [32000/49000 (65%)]	Train Loss: 1.237338	Val Loss: 1.249466	Val Acc: 56.8
Train Epoch: 4 [32500/49000 (66%)]	Train Loss: 1.220108	Val Loss: 1.134911	Val Acc: 61.6
Train Epoch: 4 [33000/49000 (67%)]	Train Loss: 1.215503	Val Loss: 1.232579	Val Acc: 58.4
Train Epoch: 4 [33500/49000 (68%)]	Train Loss: 1.000389	Val Loss: 1.116020	Val Acc: 59.2
Train Epoch: 4 [34000/49000 (69%)]	Train Loss: 0.959651	Val Loss: 1.096347	Val Acc: 58.8
Train Epoch: 4 [34500/49000 (70%)]	Train Loss: 0.886115	Val Loss: 1.307617	Val Acc: 54.4
Train Epoch: 4 [35000/49000 (71%)]	Train Loss: 1.100246	Val Loss: 1.221757	Val Acc: 58.4
Train Epoch: 4 [35500/49000 (72%)]	Train Loss: 0.806805	Val Loss: 1.179398	Val Acc: 60.8
Train Epoch: 4 [36000/49000 (73%)]	Train Loss: 1.062011	Val Loss: 1.297093	Val Acc: 56.8
Train Epoch: 4 [36500/49000 (74%)]	Train Loss: 1.045381	Val Loss: 1.250666	Val Acc: 56.8
Train Epoch: 4 [37000/49000 (76%)]	Train Loss: 1.065381	Val Loss: 1.182344	Val Acc: 58.0
Train Epoch: 4 [37500/49000 (77%)]	Train Loss: 1.059709	Val Loss: 1.275484	Val Acc: 53.6
Train Epoch: 4 [38000/49000 (78%)]	Train Loss: 1.224606	Val Loss: 1.210492	Val Acc: 56.4
Train Epoch: 4 [38500/49000 (79%)]	Train Loss: 1.218626	Val Loss: 1.220085	Val Acc: 57.6
Train Epoch: 4 [39000/49000 (80%)]	Train Loss: 0.977337	Val Loss: 1.090793	Val Acc: 61.6
Train Epoch: 4 [39500/49000 (81%)]	Train Loss: 1.195316	Val Loss: 1.142641	Val Acc: 58.8
Train Epoch: 4 [40000/49000 (82%)]	Train Loss: 0.876612	Val Loss: 1.174818	Val Acc: 58.8
Train Epoch: 4 [40500/49000 (83%)]	Train Loss: 0.897803	Val Loss: 1.327236	Val Acc: 54.8
Train Epoch: 4 [41000/49000 (84%)]	Train Loss: 1.103102	Val Loss: 1.133957	Val Acc: 61.2
Train Epoch: 4 [41500/49000 (85%)]	Train Loss: 1.063805	Val Loss: 1.177329	Val Acc: 59.2
Train Epoch: 4 [42000/49000 (86%)]	Train Loss: 1.057084	Val Loss: 1.225541	Val Acc: 58.8
Train Epoch: 4 [42500/49000 (87%)]	Train Loss: 1.225822	Val Loss: 1.194455	Val Acc: 58.8
Train Epoch: 4 [43000/49000 (88%)]	Train Loss: 1.119012	Val Loss: 1.273146	Val Acc: 56.4
Train Epoch: 4 [43500/49000 (89%)]	Train Loss: 1.209062	Val Loss: 1.125680	Val Acc: 58.8
Train Epoch: 4 [44000/49000 (90%)]	Train Loss: 1.313576	Val Loss: 1.193502	Val Acc: 58.8
Train Epoch: 4 [44500/49000 (91%)]	Train Loss: 0.932270	Val Loss: 1.251922	Val Acc: 58.8
Train Epoch: 4 [45000/49000 (92%)]	Train Loss: 1.058212	Val Loss: 1.222204	Val Acc: 54.8
Train Epoch: 4 [45500/49000 (93%)]	Train Loss: 1.245691	Val Loss: 1.198396	Val Acc: 59.6
Train Epoch: 4 [46000/49000 (94%)]	Train Loss: 1.190963	Val Loss: 1.199587	Val Acc: 62.4
Train Epoch: 4 [46500/49000 (95%)]	Train Loss: 1.298292	Val Loss: 1.099893	Val Acc: 60.0
Train Epoch: 4 [47000/49000 (96%)]	Train Loss: 1.168990	Val Loss: 1.249832	Val Acc: 58.4
Train Epoch: 4 [47500/49000 (97%)]	Train Loss: 1.248855	Val Loss: 1.127513	Val Acc: 63.6
Train Epoch: 4 [48000/49000 (98%)]	Train Loss: 0.882106	Val Loss: 1.319566	Val Acc: 56.0
Train Epoch: 4 [48500/49000 (99%)]	Train Loss: 1.309108	Val Loss: 1.284807	Val Acc: 57.6
[4] learning rate is 6.25e-06
Train Epoch: 5 [0/49000 (0%)]	Train Loss: 1.058692	Val Loss: 1.229578	Val Acc: 57.6
Train Epoch: 5 [500/49000 (1%)]	Train Loss: 1.181464	Val Loss: 1.235437	Val Acc: 58.8
Train Epoch: 5 [1000/49000 (2%)]	Train Loss: 1.100458	Val Loss: 1.084095	Val Acc: 59.2
Train Epoch: 5 [1500/49000 (3%)]	Train Loss: 1.105583	Val Loss: 1.174273	Val Acc: 56.0
Train Epoch: 5 [2000/49000 (4%)]	Train Loss: 1.175058	Val Loss: 1.150109	Val Acc: 60.4
Train Epoch: 5 [2500/49000 (5%)]	Train Loss: 0.975650	Val Loss: 1.274368	Val Acc: 59.2
Train Epoch: 5 [3000/49000 (6%)]	Train Loss: 1.090761	Val Loss: 1.230118	Val Acc: 60.0
Train Epoch: 5 [3500/49000 (7%)]	Train Loss: 1.026482	Val Loss: 1.115283	Val Acc: 64.0
Train Epoch: 5 [4000/49000 (8%)]	Train Loss: 1.014589	Val Loss: 1.126309	Val Acc: 58.4
Train Epoch: 5 [4500/49000 (9%)]	Train Loss: 0.972129	Val Loss: 1.196954	Val Acc: 57.2
Train Epoch: 5 [5000/49000 (10%)]	Train Loss: 1.163683	Val Loss: 1.179007	Val Acc: 61.2
Train Epoch: 5 [5500/49000 (11%)]	Train Loss: 1.114838	Val Loss: 1.165525	Val Acc: 59.6
Train Epoch: 5 [6000/49000 (12%)]	Train Loss: 0.988599	Val Loss: 1.162969	Val Acc: 56.0
Train Epoch: 5 [6500/49000 (13%)]	Train Loss: 1.064968	Val Loss: 1.175864	Val Acc: 60.8
Train Epoch: 5 [7000/49000 (14%)]	Train Loss: 0.933173	Val Loss: 1.135847	Val Acc: 61.2
Train Epoch: 5 [7500/49000 (15%)]	Train Loss: 0.786710	Val Loss: 1.039997	Val Acc: 64.8
Train Epoch: 5 [8000/49000 (16%)]	Train Loss: 1.101066	Val Loss: 1.305129	Val Acc: 52.4
Train Epoch: 5 [8500/49000 (17%)]	Train Loss: 0.964049	Val Loss: 1.140449	Val Acc: 61.6
Train Epoch: 5 [9000/49000 (18%)]	Train Loss: 0.885098	Val Loss: 1.151601	Val Acc: 61.2
Train Epoch: 5 [9500/49000 (19%)]	Train Loss: 0.921248	Val Loss: 1.147825	Val Acc: 61.6
Train Epoch: 5 [10000/49000 (20%)]	Train Loss: 1.061200	Val Loss: 1.090371	Val Acc: 60.8
Train Epoch: 5 [10500/49000 (21%)]	Train Loss: 0.918110	Val Loss: 1.043879	Val Acc: 63.2
Train Epoch: 5 [11000/49000 (22%)]	Train Loss: 1.479478	Val Loss: 1.161213	Val Acc: 58.4
Train Epoch: 5 [11500/49000 (23%)]	Train Loss: 0.884498	Val Loss: 1.222471	Val Acc: 57.2
Train Epoch: 5 [12000/49000 (24%)]	Train Loss: 1.249161	Val Loss: 1.231867	Val Acc: 52.0
Train Epoch: 5 [12500/49000 (26%)]	Train Loss: 1.039915	Val Loss: 1.114675	Val Acc: 62.0
Train Epoch: 5 [13000/49000 (27%)]	Train Loss: 1.354124	Val Loss: 1.271245	Val Acc: 58.4
Train Epoch: 5 [13500/49000 (28%)]	Train Loss: 0.732676	Val Loss: 1.089225	Val Acc: 63.2
Train Epoch: 5 [14000/49000 (29%)]	Train Loss: 0.787506	Val Loss: 1.166818	Val Acc: 60.4
Train Epoch: 5 [14500/49000 (30%)]	Train Loss: 0.936509	Val Loss: 1.199707	Val Acc: 60.0
Train Epoch: 5 [15000/49000 (31%)]	Train Loss: 1.101622	Val Loss: 1.132788	Val Acc: 63.6
Train Epoch: 5 [15500/49000 (32%)]	Train Loss: 1.058991	Val Loss: 1.173446	Val Acc: 59.6
Train Epoch: 5 [16000/49000 (33%)]	Train Loss: 0.946377	Val Loss: 1.283791	Val Acc: 57.6
Train Epoch: 5 [16500/49000 (34%)]	Train Loss: 1.127337	Val Loss: 1.245396	Val Acc: 53.6
Train Epoch: 5 [17000/49000 (35%)]	Train Loss: 0.933296	Val Loss: 1.217585	Val Acc: 57.2
Train Epoch: 5 [17500/49000 (36%)]	Train Loss: 0.808775	Val Loss: 1.238243	Val Acc: 57.2
Train Epoch: 5 [18000/49000 (37%)]	Train Loss: 1.145085	Val Loss: 1.105659	Val Acc: 64.0
Train Epoch: 5 [18500/49000 (38%)]	Train Loss: 1.262432	Val Loss: 1.163522	Val Acc: 60.4
Train Epoch: 5 [19000/49000 (39%)]	Train Loss: 1.012203	Val Loss: 1.197171	Val Acc: 58.8
Train Epoch: 5 [19500/49000 (40%)]	Train Loss: 1.012689	Val Loss: 1.132256	Val Acc: 59.2
Train Epoch: 5 [20000/49000 (41%)]	Train Loss: 1.264465	Val Loss: 1.183316	Val Acc: 61.2
Train Epoch: 5 [20500/49000 (42%)]	Train Loss: 0.834402	Val Loss: 1.146536	Val Acc: 60.8
Train Epoch: 5 [21000/49000 (43%)]	Train Loss: 0.890009	Val Loss: 1.254122	Val Acc: 57.6
Train Epoch: 5 [21500/49000 (44%)]	Train Loss: 1.107430	Val Loss: 1.186455	Val Acc: 58.8
Train Epoch: 5 [22000/49000 (45%)]	Train Loss: 0.946505	Val Loss: 1.191016	Val Acc: 56.0
Train Epoch: 5 [22500/49000 (46%)]	Train Loss: 1.151834	Val Loss: 1.182724	Val Acc: 58.8
Train Epoch: 5 [23000/49000 (47%)]	Train Loss: 1.054563	Val Loss: 1.034745	Val Acc: 62.4
Train Epoch: 5 [23500/49000 (48%)]	Train Loss: 1.033019	Val Loss: 1.203417	Val Acc: 64.8
Train Epoch: 5 [24000/49000 (49%)]	Train Loss: 1.153228	Val Loss: 1.242437	Val Acc: 57.6
Train Epoch: 5 [24500/49000 (50%)]	Train Loss: 0.929261	Val Loss: 1.245560	Val Acc: 60.8
Train Epoch: 5 [25000/49000 (51%)]	Train Loss: 0.917702	Val Loss: 1.225295	Val Acc: 55.6
Train Epoch: 5 [25500/49000 (52%)]	Train Loss: 1.133098	Val Loss: 1.229619	Val Acc: 57.6
Train Epoch: 5 [26000/49000 (53%)]	Train Loss: 1.020280	Val Loss: 1.240954	Val Acc: 56.0
Train Epoch: 5 [26500/49000 (54%)]	Train Loss: 0.857157	Val Loss: 1.142289	Val Acc: 57.6
Train Epoch: 5 [27000/49000 (55%)]	Train Loss: 1.064866	Val Loss: 1.123987	Val Acc: 62.0
Train Epoch: 5 [27500/49000 (56%)]	Train Loss: 0.847409	Val Loss: 1.059363	Val Acc: 62.0
Train Epoch: 5 [28000/49000 (57%)]	Train Loss: 1.113353	Val Loss: 1.160215	Val Acc: 60.8
Train Epoch: 5 [28500/49000 (58%)]	Train Loss: 1.012411	Val Loss: 1.253781	Val Acc: 56.4
Train Epoch: 5 [29000/49000 (59%)]	Train Loss: 1.032779	Val Loss: 1.110526	Val Acc: 58.0
Train Epoch: 5 [29500/49000 (60%)]	Train Loss: 1.043864	Val Loss: 1.285478	Val Acc: 55.2
Train Epoch: 5 [30000/49000 (61%)]	Train Loss: 1.117493	Val Loss: 1.225438	Val Acc: 57.6
Train Epoch: 5 [30500/49000 (62%)]	Train Loss: 1.310815	Val Loss: 1.187105	Val Acc: 60.8
Train Epoch: 5 [31000/49000 (63%)]	Train Loss: 1.014297	Val Loss: 1.220171	Val Acc: 60.0
Train Epoch: 5 [31500/49000 (64%)]	Train Loss: 1.113838	Val Loss: 1.198368	Val Acc: 56.4
Train Epoch: 5 [32000/49000 (65%)]	Train Loss: 1.283957	Val Loss: 1.164916	Val Acc: 60.8
Train Epoch: 5 [32500/49000 (66%)]	Train Loss: 0.826923	Val Loss: 1.142517	Val Acc: 61.6
Train Epoch: 5 [33000/49000 (67%)]	Train Loss: 1.003883	Val Loss: 1.153806	Val Acc: 61.2
Train Epoch: 5 [33500/49000 (68%)]	Train Loss: 1.185358	Val Loss: 1.181653	Val Acc: 60.4
Train Epoch: 5 [34000/49000 (69%)]	Train Loss: 0.801037	Val Loss: 1.125200	Val Acc: 61.2
Train Epoch: 5 [34500/49000 (70%)]	Train Loss: 0.892418	Val Loss: 1.092437	Val Acc: 63.2
Train Epoch: 5 [35000/49000 (71%)]	Train Loss: 1.031826	Val Loss: 1.221446	Val Acc: 56.0
Train Epoch: 5 [35500/49000 (72%)]	Train Loss: 1.218161	Val Loss: 1.092104	Val Acc: 61.6
Train Epoch: 5 [36000/49000 (73%)]	Train Loss: 0.918919	Val Loss: 1.123695	Val Acc: 62.8
Train Epoch: 5 [36500/49000 (74%)]	Train Loss: 0.765491	Val Loss: 1.205454	Val Acc: 59.6
Train Epoch: 5 [37000/49000 (76%)]	Train Loss: 1.100934	Val Loss: 1.102397	Val Acc: 61.6
Train Epoch: 5 [37500/49000 (77%)]	Train Loss: 1.238368	Val Loss: 1.212629	Val Acc: 54.4
Train Epoch: 5 [38000/49000 (78%)]	Train Loss: 0.844801	Val Loss: 1.209411	Val Acc: 60.4
Train Epoch: 5 [38500/49000 (79%)]	Train Loss: 1.068279	Val Loss: 1.158371	Val Acc: 60.0
Train Epoch: 5 [39000/49000 (80%)]	Train Loss: 0.743458	Val Loss: 1.142569	Val Acc: 60.4
Train Epoch: 5 [39500/49000 (81%)]	Train Loss: 1.215774	Val Loss: 1.224535	Val Acc: 56.0
Train Epoch: 5 [40000/49000 (82%)]	Train Loss: 0.800746	Val Loss: 1.200024	Val Acc: 57.6
Train Epoch: 5 [40500/49000 (83%)]	Train Loss: 0.919699	Val Loss: 1.193191	Val Acc: 56.0
Train Epoch: 5 [41000/49000 (84%)]	Train Loss: 0.900873	Val Loss: 1.174462	Val Acc: 57.2
Train Epoch: 5 [41500/49000 (85%)]	Train Loss: 1.079619	Val Loss: 1.217998	Val Acc: 57.2
Train Epoch: 5 [42000/49000 (86%)]	Train Loss: 0.874131	Val Loss: 1.171629	Val Acc: 56.4
Train Epoch: 5 [42500/49000 (87%)]	Train Loss: 0.939729	Val Loss: 1.224079	Val Acc: 59.2
Train Epoch: 5 [43000/49000 (88%)]	Train Loss: 1.010504	Val Loss: 1.083427	Val Acc: 60.8
Train Epoch: 5 [43500/49000 (89%)]	Train Loss: 1.075268	Val Loss: 1.265327	Val Acc: 57.6
Train Epoch: 5 [44000/49000 (90%)]	Train Loss: 1.086031	Val Loss: 1.192034	Val Acc: 54.8
Train Epoch: 5 [44500/49000 (91%)]	Train Loss: 1.275864	Val Loss: 1.130297	Val Acc: 62.8
Train Epoch: 5 [45000/49000 (92%)]	Train Loss: 0.925754	Val Loss: 1.262404	Val Acc: 60.0
Train Epoch: 5 [45500/49000 (93%)]	Train Loss: 1.330999	Val Loss: 1.080205	Val Acc: 64.0
Train Epoch: 5 [46000/49000 (94%)]	Train Loss: 1.062212	Val Loss: 1.163105	Val Acc: 57.2
Train Epoch: 5 [46500/49000 (95%)]	Train Loss: 0.740262	Val Loss: 1.116901	Val Acc: 62.0
Train Epoch: 5 [47000/49000 (96%)]	Train Loss: 0.947975	Val Loss: 1.228661	Val Acc: 57.2
Train Epoch: 5 [47500/49000 (97%)]	Train Loss: 0.942563	Val Loss: 1.169418	Val Acc: 62.0
Train Epoch: 5 [48000/49000 (98%)]	Train Loss: 0.856242	Val Loss: 1.185676	Val Acc: 56.8
Train Epoch: 5 [48500/49000 (99%)]	Train Loss: 1.215346	Val Loss: 1.233555	Val Acc: 54.8
[5] learning rate is 3.125e-06

test set: Average loss: 1.1742, Accuracy: 5986/10000 (60%)

