Files already downloaded and verified
Files already downloaded and verified
Files already downloaded and verified
Train Epoch: 1 [0/49000 (0%)]	Train Loss: 8.980387	Val Loss: 8.274597	Val Acc: 14.375
Train Epoch: 1 [1280/49000 (3%)]	Train Loss: 9.622694	Val Loss: 6.841992	Val Acc: 23.125
Train Epoch: 1 [2560/49000 (5%)]	Train Loss: 5.378141	Val Loss: 7.118629	Val Acc: 22.1875
Train Epoch: 1 [3840/49000 (8%)]	Train Loss: 8.440863	Val Loss: 6.799555	Val Acc: 28.28125
Train Epoch: 1 [5120/49000 (10%)]	Train Loss: 6.559875	Val Loss: 7.070524	Val Acc: 24.84375
Train Epoch: 1 [6400/49000 (13%)]	Train Loss: 4.454968	Val Loss: 5.083937	Val Acc: 29.21875
Train Epoch: 1 [7680/49000 (16%)]	Train Loss: 5.279686	Val Loss: 5.907535	Val Acc: 24.21875
Train Epoch: 1 [8960/49000 (18%)]	Train Loss: 6.997922	Val Loss: 6.689369	Val Acc: 29.0625
Train Epoch: 1 [10240/49000 (21%)]	Train Loss: 6.745172	Val Loss: 6.464106	Val Acc: 24.84375
Train Epoch: 1 [11520/49000 (23%)]	Train Loss: 5.344702	Val Loss: 7.268369	Val Acc: 24.53125
Train Epoch: 1 [12800/49000 (26%)]	Train Loss: 5.866128	Val Loss: 7.758975	Val Acc: 25.15625
Train Epoch: 1 [14080/49000 (29%)]	Train Loss: 7.365998	Val Loss: 6.348303	Val Acc: 22.1875
Train Epoch: 1 [15360/49000 (31%)]	Train Loss: 4.946291	Val Loss: 5.042379	Val Acc: 28.125
Train Epoch: 1 [16640/49000 (34%)]	Train Loss: 6.240212	Val Loss: 5.529927	Val Acc: 26.40625
Train Epoch: 1 [17920/49000 (37%)]	Train Loss: 6.291412	Val Loss: 6.041369	Val Acc: 26.40625
Train Epoch: 1 [19200/49000 (39%)]	Train Loss: 5.774333	Val Loss: 5.425318	Val Acc: 29.375
Train Epoch: 1 [20480/49000 (42%)]	Train Loss: 6.004636	Val Loss: 5.232854	Val Acc: 30.3125
Train Epoch: 1 [21760/49000 (44%)]	Train Loss: 4.513005	Val Loss: 5.850551	Val Acc: 25.9375
Train Epoch: 1 [23040/49000 (47%)]	Train Loss: 4.579135	Val Loss: 4.516155	Val Acc: 32.03125
Train Epoch: 1 [24320/49000 (50%)]	Train Loss: 4.665035	Val Loss: 5.628006	Val Acc: 32.1875
Train Epoch: 1 [25600/49000 (52%)]	Train Loss: 7.168098	Val Loss: 6.592154	Val Acc: 30.3125
Train Epoch: 1 [26880/49000 (55%)]	Train Loss: 6.298223	Val Loss: 5.671175	Val Acc: 30.3125
Train Epoch: 1 [28160/49000 (57%)]	Train Loss: 5.528096	Val Loss: 4.958575	Val Acc: 30.15625
Train Epoch: 1 [29440/49000 (60%)]	Train Loss: 4.463958	Val Loss: 5.353228	Val Acc: 31.875
Train Epoch: 1 [30720/49000 (63%)]	Train Loss: 5.499795	Val Loss: 5.750067	Val Acc: 27.34375
Train Epoch: 1 [32000/49000 (65%)]	Train Loss: 9.817920	Val Loss: 8.747199	Val Acc: 24.375
Train Epoch: 1 [33280/49000 (68%)]	Train Loss: 8.546738	Val Loss: 6.058096	Val Acc: 30.3125
Train Epoch: 1 [34560/49000 (70%)]	Train Loss: 7.343968	Val Loss: 6.755422	Val Acc: 31.25
Train Epoch: 1 [35840/49000 (73%)]	Train Loss: 4.793465	Val Loss: 7.077559	Val Acc: 27.65625
Train Epoch: 1 [37120/49000 (76%)]	Train Loss: 5.206739	Val Loss: 5.641968	Val Acc: 27.8125
Train Epoch: 1 [38400/49000 (78%)]	Train Loss: 3.967914	Val Loss: 5.424013	Val Acc: 29.53125
Train Epoch: 1 [39680/49000 (81%)]	Train Loss: 5.681790	Val Loss: 5.209140	Val Acc: 28.90625
Train Epoch: 1 [40960/49000 (84%)]	Train Loss: 6.956388	Val Loss: 6.526127	Val Acc: 22.65625
Train Epoch: 1 [42240/49000 (86%)]	Train Loss: 5.476696	Val Loss: 6.260033	Val Acc: 26.71875
Train Epoch: 1 [43520/49000 (89%)]	Train Loss: 5.327577	Val Loss: 5.064415	Val Acc: 26.875
Train Epoch: 1 [44800/49000 (91%)]	Train Loss: 6.802483	Val Loss: 5.592060	Val Acc: 26.71875
Train Epoch: 1 [46080/49000 (94%)]	Train Loss: 5.731860	Val Loss: 6.240286	Val Acc: 24.53125
Train Epoch: 1 [47360/49000 (97%)]	Train Loss: 4.767097	Val Loss: 6.072253	Val Acc: 24.53125
Train Epoch: 1 [48640/49000 (99%)]	Train Loss: 6.366429	Val Loss: 6.603351	Val Acc: 26.25
[1] learning rate is 0.0005
Train Epoch: 2 [0/49000 (0%)]	Train Loss: 6.005553	Val Loss: 5.473963	Val Acc: 31.09375
Train Epoch: 2 [1280/49000 (3%)]	Train Loss: 2.697661	Val Loss: 3.591423	Val Acc: 30.0
Train Epoch: 2 [2560/49000 (5%)]	Train Loss: 2.740256	Val Loss: 3.142543	Val Acc: 33.125
Train Epoch: 2 [3840/49000 (8%)]	Train Loss: 3.453104	Val Loss: 3.104810	Val Acc: 33.28125
Train Epoch: 2 [5120/49000 (10%)]	Train Loss: 2.755492	Val Loss: 3.126908	Val Acc: 30.3125
Train Epoch: 2 [6400/49000 (13%)]	Train Loss: 2.934456	Val Loss: 3.035394	Val Acc: 31.09375
Train Epoch: 2 [7680/49000 (16%)]	Train Loss: 3.041400	Val Loss: 3.061777	Val Acc: 32.34375
Train Epoch: 2 [8960/49000 (18%)]	Train Loss: 2.770882	Val Loss: 3.179541	Val Acc: 32.8125
Train Epoch: 2 [10240/49000 (21%)]	Train Loss: 3.186051	Val Loss: 3.339740	Val Acc: 29.84375
Train Epoch: 2 [11520/49000 (23%)]	Train Loss: 3.536707	Val Loss: 3.082302	Val Acc: 30.78125
Train Epoch: 2 [12800/49000 (26%)]	Train Loss: 3.065155	Val Loss: 3.334010	Val Acc: 30.15625
Train Epoch: 2 [14080/49000 (29%)]	Train Loss: 3.901567	Val Loss: 3.437030	Val Acc: 27.65625
Train Epoch: 2 [15360/49000 (31%)]	Train Loss: 2.746636	Val Loss: 3.240874	Val Acc: 30.3125
Train Epoch: 2 [16640/49000 (34%)]	Train Loss: 3.272809	Val Loss: 3.003692	Val Acc: 30.78125
Train Epoch: 2 [17920/49000 (37%)]	Train Loss: 3.866736	Val Loss: 3.288246	Val Acc: 26.71875
Train Epoch: 2 [19200/49000 (39%)]	Train Loss: 2.735824	Val Loss: 3.002763	Val Acc: 31.5625
Train Epoch: 2 [20480/49000 (42%)]	Train Loss: 3.406477	Val Loss: 2.985353	Val Acc: 31.25
Train Epoch: 2 [21760/49000 (44%)]	Train Loss: 3.164034	Val Loss: 3.124619	Val Acc: 27.65625
Train Epoch: 2 [23040/49000 (47%)]	Train Loss: 2.976713	Val Loss: 3.626948	Val Acc: 27.65625
Train Epoch: 2 [24320/49000 (50%)]	Train Loss: 3.596800	Val Loss: 2.899300	Val Acc: 33.125
Train Epoch: 2 [25600/49000 (52%)]	Train Loss: 2.458441	Val Loss: 2.850378	Val Acc: 28.75
Train Epoch: 2 [26880/49000 (55%)]	Train Loss: 2.411096	Val Loss: 3.105380	Val Acc: 31.875
Train Epoch: 2 [28160/49000 (57%)]	Train Loss: 3.277204	Val Loss: 3.325448	Val Acc: 32.03125
Train Epoch: 2 [29440/49000 (60%)]	Train Loss: 3.828743	Val Loss: 3.925774	Val Acc: 30.0
Train Epoch: 2 [30720/49000 (63%)]	Train Loss: 3.552315	Val Loss: 3.316257	Val Acc: 29.21875
Train Epoch: 2 [32000/49000 (65%)]	Train Loss: 3.176358	Val Loss: 2.970542	Val Acc: 30.625
Train Epoch: 2 [33280/49000 (68%)]	Train Loss: 2.793578	Val Loss: 2.885048	Val Acc: 32.5
Train Epoch: 2 [34560/49000 (70%)]	Train Loss: 3.023628	Val Loss: 3.402650	Val Acc: 32.03125
Train Epoch: 2 [35840/49000 (73%)]	Train Loss: 2.701004	Val Loss: 3.462298	Val Acc: 33.125
Train Epoch: 2 [37120/49000 (76%)]	Train Loss: 2.942442	Val Loss: 3.262651	Val Acc: 34.53125
Train Epoch: 2 [38400/49000 (78%)]	Train Loss: 3.079701	Val Loss: 2.848295	Val Acc: 34.6875
Train Epoch: 2 [39680/49000 (81%)]	Train Loss: 3.069261	Val Loss: 3.146658	Val Acc: 30.46875
Train Epoch: 2 [40960/49000 (84%)]	Train Loss: 4.120755	Val Loss: 3.179199	Val Acc: 31.09375
Train Epoch: 2 [42240/49000 (86%)]	Train Loss: 3.616480	Val Loss: 3.724523	Val Acc: 27.34375
Train Epoch: 2 [43520/49000 (89%)]	Train Loss: 3.033167	Val Loss: 3.045719	Val Acc: 31.875
Train Epoch: 2 [44800/49000 (91%)]	Train Loss: 2.896564	Val Loss: 3.049421	Val Acc: 32.34375
Train Epoch: 2 [46080/49000 (94%)]	Train Loss: 3.304222	Val Loss: 3.396372	Val Acc: 28.75
Train Epoch: 2 [47360/49000 (97%)]	Train Loss: 3.229667	Val Loss: 2.649050	Val Acc: 33.4375
Train Epoch: 2 [48640/49000 (99%)]	Train Loss: 3.429847	Val Loss: 3.775205	Val Acc: 26.875
[2] learning rate is 0.00025
Train Epoch: 3 [0/49000 (0%)]	Train Loss: 3.209333	Val Loss: 2.780670	Val Acc: 32.65625
Train Epoch: 3 [1280/49000 (3%)]	Train Loss: 2.371679	Val Loss: 2.412820	Val Acc: 35.15625
Train Epoch: 3 [2560/49000 (5%)]	Train Loss: 1.922739	Val Loss: 2.259946	Val Acc: 33.59375
Train Epoch: 3 [3840/49000 (8%)]	Train Loss: 2.005071	Val Loss: 2.211574	Val Acc: 37.34375
Train Epoch: 3 [5120/49000 (10%)]	Train Loss: 2.011499	Val Loss: 2.334695	Val Acc: 35.0
Train Epoch: 3 [6400/49000 (13%)]	Train Loss: 1.956676	Val Loss: 2.299970	Val Acc: 33.125
Train Epoch: 3 [7680/49000 (16%)]	Train Loss: 2.047961	Val Loss: 2.341068	Val Acc: 34.21875
Train Epoch: 3 [8960/49000 (18%)]	Train Loss: 2.061805	Val Loss: 2.412340	Val Acc: 34.375
Train Epoch: 3 [10240/49000 (21%)]	Train Loss: 2.244690	Val Loss: 2.382754	Val Acc: 35.0
Train Epoch: 3 [11520/49000 (23%)]	Train Loss: 2.308341	Val Loss: 2.267246	Val Acc: 35.46875
Train Epoch: 3 [12800/49000 (26%)]	Train Loss: 2.133839	Val Loss: 2.347136	Val Acc: 33.59375
Train Epoch: 3 [14080/49000 (29%)]	Train Loss: 2.059116	Val Loss: 2.109711	Val Acc: 35.15625
Train Epoch: 3 [15360/49000 (31%)]	Train Loss: 1.909891	Val Loss: 2.209384	Val Acc: 36.09375
Train Epoch: 3 [16640/49000 (34%)]	Train Loss: 2.384767	Val Loss: 2.489130	Val Acc: 32.5
Train Epoch: 3 [17920/49000 (37%)]	Train Loss: 2.108582	Val Loss: 2.374016	Val Acc: 31.875
Train Epoch: 3 [19200/49000 (39%)]	Train Loss: 2.097353	Val Loss: 2.252624	Val Acc: 35.9375
Train Epoch: 3 [20480/49000 (42%)]	Train Loss: 2.140979	Val Loss: 2.113858	Val Acc: 39.375
Train Epoch: 3 [21760/49000 (44%)]	Train Loss: 1.913973	Val Loss: 2.303590	Val Acc: 37.8125
Train Epoch: 3 [23040/49000 (47%)]	Train Loss: 2.210921	Val Loss: 2.163374	Val Acc: 36.09375
Train Epoch: 3 [24320/49000 (50%)]	Train Loss: 2.059772	Val Loss: 2.178377	Val Acc: 35.15625
Train Epoch: 3 [25600/49000 (52%)]	Train Loss: 2.161415	Val Loss: 2.163179	Val Acc: 34.6875
Train Epoch: 3 [26880/49000 (55%)]	Train Loss: 1.989280	Val Loss: 2.296123	Val Acc: 34.53125
Train Epoch: 3 [28160/49000 (57%)]	Train Loss: 2.120251	Val Loss: 2.111952	Val Acc: 34.84375
Train Epoch: 3 [29440/49000 (60%)]	Train Loss: 2.383784	Val Loss: 2.431878	Val Acc: 27.65625
Train Epoch: 3 [30720/49000 (63%)]	Train Loss: 2.229456	Val Loss: 2.230762	Val Acc: 32.65625
Train Epoch: 3 [32000/49000 (65%)]	Train Loss: 2.179953	Val Loss: 2.113133	Val Acc: 33.75
Train Epoch: 3 [33280/49000 (68%)]	Train Loss: 2.157127	Val Loss: 2.128212	Val Acc: 34.53125
Train Epoch: 3 [34560/49000 (70%)]	Train Loss: 2.030931	Val Loss: 2.327829	Val Acc: 35.46875
Train Epoch: 3 [35840/49000 (73%)]	Train Loss: 2.117373	Val Loss: 2.157920	Val Acc: 33.28125
Train Epoch: 3 [37120/49000 (76%)]	Train Loss: 1.948760	Val Loss: 2.200572	Val Acc: 34.0625
Train Epoch: 3 [38400/49000 (78%)]	Train Loss: 2.353600	Val Loss: 2.278427	Val Acc: 31.875
Train Epoch: 3 [39680/49000 (81%)]	Train Loss: 1.911030	Val Loss: 2.159696	Val Acc: 34.375
Train Epoch: 3 [40960/49000 (84%)]	Train Loss: 2.065078	Val Loss: 2.140119	Val Acc: 34.53125
Train Epoch: 3 [42240/49000 (86%)]	Train Loss: 1.945419	Val Loss: 2.196162	Val Acc: 34.6875
Train Epoch: 3 [43520/49000 (89%)]	Train Loss: 2.114015	Val Loss: 2.178761	Val Acc: 33.4375
Train Epoch: 3 [44800/49000 (91%)]	Train Loss: 1.971112	Val Loss: 2.210200	Val Acc: 32.8125
Train Epoch: 3 [46080/49000 (94%)]	Train Loss: 2.035751	Val Loss: 2.196000	Val Acc: 32.8125
Train Epoch: 3 [47360/49000 (97%)]	Train Loss: 2.207905	Val Loss: 2.292560	Val Acc: 31.40625
Train Epoch: 3 [48640/49000 (99%)]	Train Loss: 2.238519	Val Loss: 2.223388	Val Acc: 36.71875
[3] learning rate is 0.000125
Train Epoch: 4 [0/49000 (0%)]	Train Loss: 2.057915	Val Loss: 2.137552	Val Acc: 35.78125
Train Epoch: 4 [1280/49000 (3%)]	Train Loss: 1.963316	Val Loss: 1.973274	Val Acc: 37.5
Train Epoch: 4 [2560/49000 (5%)]	Train Loss: 1.850477	Val Loss: 2.096401	Val Acc: 36.40625
Train Epoch: 4 [3840/49000 (8%)]	Train Loss: 1.895685	Val Loss: 2.017422	Val Acc: 35.9375
Train Epoch: 4 [5120/49000 (10%)]	Train Loss: 1.919763	Val Loss: 2.008920	Val Acc: 36.5625
Train Epoch: 4 [6400/49000 (13%)]	Train Loss: 1.774926	Val Loss: 2.053809	Val Acc: 34.53125
Train Epoch: 4 [7680/49000 (16%)]	Train Loss: 1.482900	Val Loss: 2.102999	Val Acc: 35.46875
Train Epoch: 4 [8960/49000 (18%)]	Train Loss: 1.965656	Val Loss: 2.080871	Val Acc: 37.1875
Train Epoch: 4 [10240/49000 (21%)]	Train Loss: 1.893351	Val Loss: 1.991040	Val Acc: 37.8125
Train Epoch: 4 [11520/49000 (23%)]	Train Loss: 1.873017	Val Loss: 2.084622	Val Acc: 35.3125
Train Epoch: 4 [12800/49000 (26%)]	Train Loss: 1.942292	Val Loss: 2.098797	Val Acc: 35.625
Train Epoch: 4 [14080/49000 (29%)]	Train Loss: 1.782382	Val Loss: 2.030998	Val Acc: 34.21875
Train Epoch: 4 [15360/49000 (31%)]	Train Loss: 1.868809	Val Loss: 2.040796	Val Acc: 36.40625
Train Epoch: 4 [16640/49000 (34%)]	Train Loss: 1.821483	Val Loss: 2.008975	Val Acc: 38.28125
Train Epoch: 4 [17920/49000 (37%)]	Train Loss: 2.095615	Val Loss: 2.078427	Val Acc: 35.46875
Train Epoch: 4 [19200/49000 (39%)]	Train Loss: 2.092536	Val Loss: 2.040058	Val Acc: 37.1875
Train Epoch: 4 [20480/49000 (42%)]	Train Loss: 1.709838	Val Loss: 2.008961	Val Acc: 37.8125
Train Epoch: 4 [21760/49000 (44%)]	Train Loss: 2.026190	Val Loss: 2.064655	Val Acc: 37.5
Train Epoch: 4 [23040/49000 (47%)]	Train Loss: 1.892106	Val Loss: 1.944284	Val Acc: 38.75
Train Epoch: 4 [24320/49000 (50%)]	Train Loss: 1.920984	Val Loss: 1.969265	Val Acc: 36.5625
Train Epoch: 4 [25600/49000 (52%)]	Train Loss: 1.867481	Val Loss: 1.987112	Val Acc: 38.4375
Train Epoch: 4 [26880/49000 (55%)]	Train Loss: 1.696301	Val Loss: 2.011058	Val Acc: 35.0
Train Epoch: 4 [28160/49000 (57%)]	Train Loss: 1.940096	Val Loss: 2.043542	Val Acc: 34.6875
Train Epoch: 4 [29440/49000 (60%)]	Train Loss: 1.851594	Val Loss: 2.030316	Val Acc: 36.71875
Train Epoch: 4 [30720/49000 (63%)]	Train Loss: 2.051219	Val Loss: 2.032263	Val Acc: 37.65625
Train Epoch: 4 [32000/49000 (65%)]	Train Loss: 1.732690	Val Loss: 2.021626	Val Acc: 37.03125
Train Epoch: 4 [33280/49000 (68%)]	Train Loss: 1.911534	Val Loss: 2.086902	Val Acc: 34.84375
Train Epoch: 4 [34560/49000 (70%)]	Train Loss: 1.994524	Val Loss: 2.176225	Val Acc: 33.28125
Train Epoch: 4 [35840/49000 (73%)]	Train Loss: 1.855210	Val Loss: 1.978812	Val Acc: 36.5625
Train Epoch: 4 [37120/49000 (76%)]	Train Loss: 1.914727	Val Loss: 2.063272	Val Acc: 35.15625
Train Epoch: 4 [38400/49000 (78%)]	Train Loss: 1.759943	Val Loss: 1.989904	Val Acc: 36.5625
Train Epoch: 4 [39680/49000 (81%)]	Train Loss: 1.665883	Val Loss: 2.082551	Val Acc: 36.71875
Train Epoch: 4 [40960/49000 (84%)]	Train Loss: 1.733395	Val Loss: 2.061141	Val Acc: 37.1875
Train Epoch: 4 [42240/49000 (86%)]	Train Loss: 1.775818	Val Loss: 1.990695	Val Acc: 36.71875
Train Epoch: 4 [43520/49000 (89%)]	Train Loss: 1.714742	Val Loss: 1.977310	Val Acc: 37.65625
Train Epoch: 4 [44800/49000 (91%)]	Train Loss: 1.879166	Val Loss: 1.928067	Val Acc: 38.125
Train Epoch: 4 [46080/49000 (94%)]	Train Loss: 1.729578	Val Loss: 2.057320	Val Acc: 35.3125
Train Epoch: 4 [47360/49000 (97%)]	Train Loss: 1.853103	Val Loss: 2.008916	Val Acc: 35.15625
Train Epoch: 4 [48640/49000 (99%)]	Train Loss: 1.812603	Val Loss: 2.035535	Val Acc: 35.15625
[4] learning rate is 6.25e-05
Train Epoch: 5 [0/49000 (0%)]	Train Loss: 1.795861	Val Loss: 2.017539	Val Acc: 35.3125
Train Epoch: 5 [1280/49000 (3%)]	Train Loss: 1.944728	Val Loss: 1.976993	Val Acc: 37.03125
Train Epoch: 5 [2560/49000 (5%)]	Train Loss: 1.543150	Val Loss: 2.017911	Val Acc: 35.15625
Train Epoch: 5 [3840/49000 (8%)]	Train Loss: 1.776780	Val Loss: 1.933517	Val Acc: 38.4375
Train Epoch: 5 [5120/49000 (10%)]	Train Loss: 1.598357	Val Loss: 1.952745	Val Acc: 37.8125
Train Epoch: 5 [6400/49000 (13%)]	Train Loss: 1.762875	Val Loss: 1.981184	Val Acc: 35.3125
Train Epoch: 5 [7680/49000 (16%)]	Train Loss: 1.840611	Val Loss: 1.952620	Val Acc: 36.09375
Train Epoch: 5 [8960/49000 (18%)]	Train Loss: 1.885718	Val Loss: 1.907140	Val Acc: 38.4375
Train Epoch: 5 [10240/49000 (21%)]	Train Loss: 1.722089	Val Loss: 1.978248	Val Acc: 36.71875
Train Epoch: 5 [11520/49000 (23%)]	Train Loss: 1.802436	Val Loss: 1.957042	Val Acc: 37.34375
Train Epoch: 5 [12800/49000 (26%)]	Train Loss: 1.633453	Val Loss: 1.995770	Val Acc: 35.78125
Train Epoch: 5 [14080/49000 (29%)]	Train Loss: 1.738469	Val Loss: 2.001104	Val Acc: 35.3125
Train Epoch: 5 [15360/49000 (31%)]	Train Loss: 1.756024	Val Loss: 1.975954	Val Acc: 37.65625
Train Epoch: 5 [16640/49000 (34%)]	Train Loss: 1.824226	Val Loss: 1.917743	Val Acc: 37.8125
Train Epoch: 5 [17920/49000 (37%)]	Train Loss: 1.508050	Val Loss: 1.969953	Val Acc: 37.65625
Train Epoch: 5 [19200/49000 (39%)]	Train Loss: 2.032349	Val Loss: 1.960164	Val Acc: 36.875
Train Epoch: 5 [20480/49000 (42%)]	Train Loss: 1.706257	Val Loss: 1.947314	Val Acc: 35.9375
Train Epoch: 5 [21760/49000 (44%)]	Train Loss: 1.932785	Val Loss: 1.958916	Val Acc: 38.28125
Train Epoch: 5 [23040/49000 (47%)]	Train Loss: 1.643778	Val Loss: 1.909133	Val Acc: 40.15625
Train Epoch: 5 [24320/49000 (50%)]	Train Loss: 1.836462	Val Loss: 1.956171	Val Acc: 39.375
Train Epoch: 5 [25600/49000 (52%)]	Train Loss: 1.723280	Val Loss: 2.035731	Val Acc: 35.3125
Train Epoch: 5 [26880/49000 (55%)]	Train Loss: 1.786821	Val Loss: 1.959691	Val Acc: 35.46875
Train Epoch: 5 [28160/49000 (57%)]	Train Loss: 1.790316	Val Loss: 1.904254	Val Acc: 39.0625
Train Epoch: 5 [29440/49000 (60%)]	Train Loss: 1.883598	Val Loss: 1.875748	Val Acc: 40.15625
Train Epoch: 5 [30720/49000 (63%)]	Train Loss: 1.764762	Val Loss: 1.981558	Val Acc: 35.9375
Train Epoch: 5 [32000/49000 (65%)]	Train Loss: 1.819535	Val Loss: 1.937718	Val Acc: 37.65625
Train Epoch: 5 [33280/49000 (68%)]	Train Loss: 1.895498	Val Loss: 1.986188	Val Acc: 36.09375
Train Epoch: 5 [34560/49000 (70%)]	Train Loss: 1.887688	Val Loss: 1.952192	Val Acc: 36.875
Train Epoch: 5 [35840/49000 (73%)]	Train Loss: 1.841243	Val Loss: 1.948885	Val Acc: 35.46875
Train Epoch: 5 [37120/49000 (76%)]	Train Loss: 1.705774	Val Loss: 1.929129	Val Acc: 37.8125
Train Epoch: 5 [38400/49000 (78%)]	Train Loss: 1.762748	Val Loss: 1.850342	Val Acc: 41.25
Train Epoch: 5 [39680/49000 (81%)]	Train Loss: 1.834089	Val Loss: 1.976037	Val Acc: 36.71875
Train Epoch: 5 [40960/49000 (84%)]	Train Loss: 1.959617	Val Loss: 1.909421	Val Acc: 39.21875
Train Epoch: 5 [42240/49000 (86%)]	Train Loss: 1.862846	Val Loss: 1.987437	Val Acc: 34.53125
Train Epoch: 5 [43520/49000 (89%)]	Train Loss: 1.681302	Val Loss: 1.934903	Val Acc: 36.71875
Train Epoch: 5 [44800/49000 (91%)]	Train Loss: 1.832730	Val Loss: 1.971622	Val Acc: 35.15625
Train Epoch: 5 [46080/49000 (94%)]	Train Loss: 1.612548	Val Loss: 1.987841	Val Acc: 37.65625
Train Epoch: 5 [47360/49000 (97%)]	Train Loss: 1.648173	Val Loss: 1.894915	Val Acc: 38.28125
Train Epoch: 5 [48640/49000 (99%)]	Train Loss: 1.743945	Val Loss: 1.958517	Val Acc: 36.25
[5] learning rate is 3.125e-05

test set: Average loss: 1.9445, Accuracy: 3650/10000 (36%)

